15.09.2020 15:52 Admin1 вошел в приложение.
15.09.2020 15:52 Admin1 вышел из учетной записи.
16.09.2020 16:50 Admin1 вошел в приложение.
Admin1 добавил нового пользователя: TempUser
Admin1 вошел в меню редактирования пользователей.
Admin1 изменил логин пользователя TempUser. Новый логин- TempUser1
Admin1 вошел в меню редактирования пользователей.
Admin1 сбросил пароль пользователя TempUser1. Установлен пароль по умолчанию.
Admin1 добавил новый фильм Честный кандидат/Irresistible (2019)
Добавлено стандартных билетов: 15
Добавлено vip билетов: 5
16.09.2020 16:57 Admin1 вышел из учетной записи.
16.09.2020 16:59 Admin1 вошел в приложение.
Admin1 добавил билеты к фильму Film: Довод/Tenet (2020), Дата/Date 27.09.2020 20:30.
Добавлено стандартных билетов: 5
Добавлено vip билетов: 1
Admin1 отредактировал название фильма Film: Честный кандидат/Irresistible (2019), Дата/Date 05.10.2020 18:45.
Admin1 изменил время показа фильма Film: Честный кандидат/Irresistible (2020), Дата/Date 05.10.2020 18:45.. Новая дата: 05.10.2020 18:40
16.09.2020 17:02 Admin1 вышел из учетной записи.
17.09.2020 12:26 Admin1 вошел в приложение.
Admin1 добавил нового пользователя: User312
Admin1 добавил новый фильм Мулан/Mulan (2020)
Добавлено стандартных билетов: 15
Добавлено vip билетов: 5
17.09.2020 12:31 Admin1 вышел из учетной записи.
17.09.2020 12:43 Admin1 вошел в приложение.
Admin1 добавил нового пользователя: 
Admin1 добавил нового пользователя: User214
17.09.2020 12:44 Admin1 вышел из учетной записи.
17.09.2020 12:58 Admin1 вошел в приложение.
Admin1 вошел в меню редактирования пользователей.
Admin1 изменил логин пользователя TempUser1. Новый логин- VladimirVoronov
17.09.2020 13:00 Admin1 вышел из учетной записи.
17.09.2020 20:31 Admin1 вошел в приложение.
17.09.2020 20:31 Admin1 вышел из учетной записи.
