15.09.2020 15:07 Пользователь John зарегистрирован.
15.09.2020 15:48 John вошел в приложение.
15.09.2020 15:49 John вышел из учетной записи.
16.09.2020 11:40 John вошел в приложение.
John посмотрел доступные фильмы.
16.09.2020 11:40 John вышел из учетной записи.
16.09.2020 12:37 John вошел в приложение.
John открыл меню выбора билетов.
John приобрел билеты: 
Билет/Ticket № 22, Фильм/Film: Форпост/The Outpost (2020), Место/Seat number: 6, Цена/Price: 10 BYN Дата/Date: 27.09.2020 18:30
Билет/Ticket № 23, Фильм/Film: Форпост/The Outpost (2020), Место/Seat number: 7, Цена/Price: 10 BYN Дата/Date: 27.09.2020 18:30
16.09.2020 12:38 John вышел из учетной записи.
16.09.2020 12:54 John вошел в приложение.
John вернул билет: 
Билет/Ticket № 23, Фильм/Film: Форпост/The Outpost (2020), Место/Seat number: 7, Цена/Price: 10 BYN Дата/Date: 27.09.2020 18:30
16.09.2020 12:55 John вышел из учетной записи.
16.09.2020 13:32 John вошел в приложение.
John вошел в меню возврата билетов.
John вышел из меню возврата билетов.
John вошел в меню возврата билетов.
John отменил бронь на билет:
Билет/Ticket № 81, Фильм/Film: Гренландия/Greenland (2020), Место/Seat number: 16, Цена/Price: 25 BYN Дата/Date: 01.10.2020 19:00
16.09.2020 13:32 John вышел из учетной записи.
16.09.2020 13:41 John вошел в приложение.
John открыл список своих билетов.
16.09.2020 13:42 John вышел из учетной записи.
16.09.2020 14:30 John вошел в приложение.
John выкупил забронированный билет:
Билет/Ticket № 73, Фильм/Film: Гренландия/Greenland (2020), Место/Seat number: 8, Цена/Price: 10 BYN Дата/Date: 01.10.2020 19:00
16.09.2020 14:30 John вышел из учетной записи.
