15.09.2020 16:04 Manager1 вошел в приложение.
15.09.2020 16:05 Manager1 вышел из учетной записи.
16.09.2020 13:27 Manager1 вошел в приложение.
Manager1 заброинровал для пользователя John билет:
Билет/Ticket № 81, Фильм/Film: Гренландия/Greenland (2020), Место/Seat number: 16, Цена/Price: 25 BYN Дата/Date: 01.10.2020 19:00
16.09.2020 13:28 Manager1 вышел из учетной записи.
16.09.2020 14:28 Manager1 вошел в приложение.
Manager1 заброинровал для пользователя John билет:
Билет/Ticket № 73, Фильм/Film: Гренландия/Greenland (2020), Место/Seat number: 8, Цена/Price: 10 BYN Дата/Date: 01.10.2020 19:00
16.09.2020 14:28 Manager1 вышел из учетной записи.
16.09.2020 17:06 Manager1 вошел в приложение.
Manager1 приобрел по запросу TempUser1 билет:
Билет/Ticket № 104, Фильм/Film: Честный кандидат/Irresistible (2020), Место/Seat number: 20, Цена/Price: 25 BYN Дата/Date: 05.10.2020 18:40
Manager1 вернул по запросу Jack билет:
Билет/Ticket № 2, Фильм/Film: Тесла/Tesla (2020), Место/Seat number: 2, Цена/Price: 6 BYN Дата/Date: 02.10.2020 19:00
Manager1 приобрел по запросу Jack билет:
Билет/Ticket № 38, Фильм/Film: Тесла/Tesla (2020), Место/Seat number: 36, Цена/Price: 25 BYN Дата/Date: 02.10.2020 19:00
16.09.2020 17:08 Manager1 вышел из учетной записи.
16.09.2020 17:13 Manager1 вошел в приложение.
Manager1 приобрел по запросу Kate22 билет:
Билет/Ticket № 83, Фильм/Film: Гренландия/Greenland (2020), Место/Seat number: 18, Цена/Price: 25 BYN Дата/Date: 01.10.2020 19:00
16.09.2020 17:14 Manager1 вышел из учетной записи.
16.09.2020 18:08 Manager1 вошел в приложение.
Manager1 заброинровал для пользователя Tolya билет:
Билет/Ticket № 97, Фильм/Film: Честный кандидат/Irresistible (2020), Место/Seat number: 13, Цена/Price: 10 BYN Дата/Date: 05.10.2020 18:40
16.09.2020 18:09 Manager1 вышел из учетной записи.
17.09.2020 13:09 Manager1 вошел в приложение.
Manager1 заброинровал для пользователя Kate22 билет:
Билет/Ticket № 55, Фильм/Film: Довод/Tenet (2020), Место/Seat number: 10, Цена/Price: 10 BYN Дата/Date: 27.09.2020 20:30
17.09.2020 13:10 Manager1 вышел из учетной записи.
17.09.2020 17:22 Manager1 вошел в приложение.
Manager1 заброинровал для пользователя Alex билет:
Билет/Ticket № 63, Фильм/Film: Довод/Tenet (2020), Место/Seat number: 18, Цена/Price: 25 BYN Дата/Date: 27.09.2020 20:30
Manager1 изменил время показа фильма Film: Мулан/Mulan (2020), Дата/Date 25.09.2020 18:30. Новая дата: 25.09.2020 18:45
17.09.2020 17:24 Manager1 вышел из учетной записи.
17.09.2020 19:25 Manager1 вошел в приложение.
Manager1 отредактировал название фильма Film: Довод/Tenet (2020), Дата/Date 27.09.2020 20:30.
Manager1 заброинровал для пользователя User312 билет:
Билет/Ticket № 95, Фильм/Film: Честный кандидат/Irresistible (2020), Место/Seat number: 11, Цена/Price: 10 BYN Дата/Date: 05.10.2020 18:40
17.09.2020 20:01 Manager1 вышел из учетной записи.
